<?xml version="1.0" encoding="UTF-8"?>
<!-- Generated by org.testng.reporters.JUnitReportReporter -->
<testsuite hostname="CREO-LT56" failures="0" tests="4" name="TestRun.Test" time="33.500" errors="0" timestamp="2024-01-10T17:54:10 IST" skipped="0">
  <testcase classname="TestRun.Test" name="runScenario" time="8.363"/>
  <system-out/>
  <testcase classname="TestRun.Test" name="runScenario" time="8.363"/>
  <system-out/>
  <testcase classname="TestRun.Test" name="runScenario" time="8.363"/>
  <system-out/>
  <testcase classname="TestRun.Test" name="runScenario" time="8.411"/>
  <system-out/>
</testsuite> <!-- TestRun.Test -->
