<?xml version="1.0" encoding="UTF-8"?>
<!-- Generated by org.testng.reporters.JUnitReportReporter -->
<testsuite hostname="CREO-LT56" failures="0" tests="1" name="TestRun.Test" time="21.796" errors="0" timestamp="2024-01-16T20:29:14 IST" skipped="0">
  <testcase classname="TestRun.Test" name="runScenario" time="21.796"/>
</testsuite> <!-- TestRun.Test -->
