<?xml version="1.0" encoding="UTF-8"?>
<!-- Generated by org.testng.reporters.JUnitReportReporter -->
<testsuite hostname="CREO-LT56" failures="0" tests="1" name="TestRun.Test" time="13.371" errors="0" timestamp="2024-01-12T15:09:46 IST" skipped="0">
  <testcase classname="TestRun.Test" name="runScenario" time="13.371"/>
  <system-out/>
</testsuite> <!-- TestRun.Test -->
