<?xml version="1.0" encoding="UTF-8"?>
<!-- Generated by org.testng.reporters.JUnitReportReporter -->
<testsuite hostname="CREO-LT56" failures="0" tests="1" name="TestRun.TestFailure" time="4.991" errors="0" timestamp="2024-01-10T13:41:06 IST" skipped="0">
  <testcase classname="TestRun.TestFailure" name="runScenario" time="4.991"/>
  <system-out/>
</testsuite> <!-- TestRun.TestFailure -->
